# JRE version: Java(TM) SE Runtime Environment (8.0_40-b26) (build 1.8.0_40-b26)
# Java VM: Java HotSpot(TM) 64-Bit Server VM (25.40-b25 mixed mode windows-amd64 compressed oops)
Heap:
 PSYoungGen      total 181760K, used 172826K [0x00000000eaf00000, 0x00000000f7a00000, 0x0000000100000000)
  eden space 162304K, 99% used [0x00000000eaf00000,0x00000000f4c63770,0x00000000f4d80000)
  from space 19456K, 59% used [0x00000000f4d80000,0x00000000f58e3150,0x00000000f6080000)
  to   space 19456K, 0% used [0x00000000f6700000,0x00000000f6700000,0x00000000f7a00000)
 ParOldGen       total 108032K, used 50940K [0x00000000c0c00000, 0x00000000c7580000, 0x00000000eaf00000)
  object space 108032K, 47% used [0x00000000c0c00000,0x00000000c3dbf0b0,0x00000000c7580000)
 Metaspace       used 23531K, capacity 25306K, committed 25344K, reserved 1071104K
  class space    used 3225K, capacity 3570K, committed 3584K, reserved 1048576K
GC Heap History (10 events):
Event: 7.215 GC heap before
{Heap before GC invocations=9 (full 1):
 PSYoungGen      total 136704K, used 4832K [0x00000000eaf00000, 0x00000000f3c00000, 0x0000000100000000)
  eden space 130560K, 0% used [0x00000000eaf00000,0x00000000eaf00000,0x00000000f2e80000)
  from space 6144K, 78% used [0x00000000f3500000,0x00000000f39b8000,0x00000000f3b00000)
  to   space 6656K, 0% used [0x00000000f2e80000,0x00000000f2e80000,0x00000000f3500000)
 ParOldGen       total 44032K, used 18182K [0x00000000c0c00000, 0x00000000c3700000, 0x00000000eaf00000)
  object space 44032K, 41% used [0x00000000c0c00000,0x00000000c1dc18f8,0x00000000c3700000)
 Metaspace       used 19776K, capacity 21142K, committed 21296K, reserved 1067008K
  class space    used 2906K, capacity 3174K, committed 3200K, reserved 1048576K
Event: 7.343 GC heap after
Heap after GC invocations=9 (full 1):
 PSYoungGen      total 136704K, used 0K [0x00000000eaf00000, 0x00000000f3c00000, 0x0000000100000000)
  eden space 130560K, 0% used [0x00000000eaf00000,0x00000000eaf00000,0x00000000f2e80000)
  from space 6144K, 0% used [0x00000000f3500000,0x00000000f3500000,0x00000000f3b00000)
  to   space 6656K, 0% used [0x00000000f2e80000,0x00000000f2e80000,0x00000000f3500000)
 ParOldGen       total 51200K, used 22326K [0x00000000c0c00000, 0x00000000c3e00000, 0x00000000eaf00000)
  object space 51200K, 43% used [0x00000000c0c00000,0x00000000c21cd928,0x00000000c3e00000)
 Metaspace       used 19776K, capacity 21142K, committed 21296K, reserved 1067008K
  class space    used 2906K, capacity 3174K, committed 3200K, reserved 1048576K
}
Event: 12.863 GC heap before
{Heap before GC invocations=10 (full 1):
 PSYoungGen      total 136704K, used 130560K [0x00000000eaf00000, 0x00000000f3c00000, 0x0000000100000000)
  eden space 130560K, 100% used [0x00000000eaf00000,0x00000000f2e80000,0x00000000f2e80000)
  from space 6144K, 0% used [0x00000000f3500000,0x00000000f3500000,0x00000000f3b00000)
  to   space 6656K, 0% used [0x00000000f2e80000,0x00000000f2e80000,0x00000000f3500000)
 ParOldGen       total 51200K, used 22326K [0x00000000c0c00000, 0x00000000c3e00000, 0x00000000eaf00000)
  object space 51200K, 43% used [0x00000000c0c00000,0x00000000c21cd928,0x00000000c3e00000)
 Metaspace       used 22313K, capacity 23974K, committed 24192K, reserved 1071104K
  class space    used 3158K, capacity 3454K, committed 3456K, reserved 1048576K
Event: 12.919 GC heap after
Heap after GC invocations=10 (full 1):
 PSYoungGen      total 137216K, used 6632K [0x00000000eaf00000, 0x00000000f7a80000, 0x0000000100000000)
  eden space 130560K, 0% used [0x00000000eaf00000,0x00000000eaf00000,0x00000000f2e80000)
  from space 6656K, 99% used [0x00000000f2e80000,0x00000000f34fa010,0x00000000f3500000)
  to   space 18944K, 0% used [0x00000000f6800000,0x00000000f6800000,0x00000000f7a80000)
 ParOldGen       total 51200K, used 51123K [0x00000000c0c00000, 0x00000000c3e00000, 0x00000000eaf00000)
  object space 51200K, 99% used [0x00000000c0c00000,0x00000000c3decea8,0x00000000c3e00000)
 Metaspace       used 22313K, capacity 23974K, committed 24192K, reserved 1071104K
  class space    used 3158K, capacity 3454K, committed 3456K, reserved 1048576K
}
Event: 12.919 GC heap before
{Heap before GC invocations=11 (full 2):
 PSYoungGen      total 137216K, used 6632K [0x00000000eaf00000, 0x00000000f7a80000, 0x0000000100000000)
  eden space 130560K, 0% used [0x00000000eaf00000,0x00000000eaf00000,0x00000000f2e80000)
  from space 6656K, 99% used [0x00000000f2e80000,0x00000000f34fa010,0x00000000f3500000)
  to   space 18944K, 0% used [0x00000000f6800000,0x00000000f6800000,0x00000000f7a80000)
 ParOldGen       total 51200K, used 51123K [0x00000000c0c00000, 0x00000000c3e00000, 0x00000000eaf00000)
  object space 51200K, 99% used [0x00000000c0c00000,0x00000000c3decea8,0x00000000c3e00000)
 Metaspace       used 22313K, capacity 23974K, committed 24192K, reserved 1071104K
  class space    used 3158K, capacity 3454K, committed 3456K, reserved 1048576K
Event: 13.326 GC heap after
Heap after GC invocations=11 (full 2):
 PSYoungGen      total 137216K, used 5091K [0x00000000eaf00000, 0x00000000f7a80000, 0x0000000100000000)
  eden space 130560K, 0% used [0x00000000eaf00000,0x00000000eaf00000,0x00000000f2e80000)
  from space 6656K, 76% used [0x00000000f2e80000,0x00000000f3378e08,0x00000000f3500000)
  to   space 18944K, 0% used [0x00000000f6800000,0x00000000f6800000,0x00000000f7a80000)
 ParOldGen       total 108032K, used 50905K [0x00000000c0c00000, 0x00000000c7580000, 0x00000000eaf00000)
  object space 108032K, 47% used [0x00000000c0c00000,0x00000000c3db67d0,0x00000000c7580000)
 Metaspace       used 22313K, capacity 23974K, committed 24192K, reserved 1071104K
  class space    used 3158K, capacity 3454K, committed 3456K, reserved 1048576K
}
Event: 27.139 GC heap before
{Heap before GC invocations=12 (full 2):
 PSYoungGen      total 137216K, used 135651K [0x00000000eaf00000, 0x00000000f7a80000, 0x0000000100000000)
  eden space 130560K, 100% used [0x00000000eaf00000,0x00000000f2e80000,0x00000000f2e80000)
  from space 6656K, 76% used [0x00000000f2e80000,0x00000000f3378e08,0x00000000f3500000)
  to   space 18944K, 0% used [0x00000000f6800000,0x00000000f6800000,0x00000000f7a80000)
 ParOldGen       total 108032K, used 50922K [0x00000000c0c00000, 0x00000000c7580000, 0x00000000eaf00000)
  object space 108032K, 47% used [0x00000000c0c00000,0x00000000c3dba9f0,0x00000000c7580000)
 Metaspace       used 23227K, capacity 25050K, committed 25088K, reserved 1071104K
  class space    used 3223K, capacity 3570K, committed 3584K, reserved 1048576K
Event: 27.168 GC heap after
Heap after GC invocations=12 (full 2):
 PSYoungGen      total 161792K, used 11674K [0x00000000eaf00000, 0x00000000f7380000, 0x0000000100000000)
  eden space 150016K, 0% used [0x00000000eaf00000,0x00000000eaf00000,0x00000000f4180000)
  from space 11776K, 99% used [0x00000000f6800000,0x00000000f7366910,0x00000000f7380000)
  to   space 19456K, 0% used [0x00000000f4d80000,0x00000000f4d80000,0x00000000f6080000)
 ParOldGen       total 108032K, used 50930K [0x00000000c0c00000, 0x00000000c7580000, 0x00000000eaf00000)
  object space 108032K, 47% used [0x00000000c0c00000,0x00000000c3dbc9f0,0x00000000c7580000)
 Metaspace       used 23227K, capacity 25050K, committed 25088K, reserved 1071104K
  class space    used 3223K, capacity 3570K, committed 3584K, reserved 1048576K
}
Event: 30.623 GC heap before
{Heap before GC invocations=13 (full 2):
 PSYoungGen      total 161792K, used 161690K [0x00000000eaf00000, 0x00000000f7380000, 0x0000000100000000)
  eden space 150016K, 100% used [0x00000000eaf00000,0x00000000f4180000,0x00000000f4180000)
  from space 11776K, 99% used [0x00000000f6800000,0x00000000f7366910,0x00000000f7380000)
  to   space 19456K, 0% used [0x00000000f4d80000,0x00000000f4d80000,0x00000000f6080000)
 ParOldGen       total 108032K, used 50932K [0x00000000c0c00000, 0x00000000c7580000, 0x00000000eaf00000)
  object space 108032K, 47% used [0x00000000c0c00000,0x00000000c3dbd0b0,0x00000000c7580000)
 Metaspace       used 23392K, capacity 25178K, committed 25344K, reserved 1071104K
  class space    used 3223K, capacity 3570K, committed 3584K, reserved 1048576K
Event: 30.636 GC heap after
Heap after GC invocations=13 (full 2):
 PSYoungGen      total 181760K, used 11660K [0x00000000eaf00000, 0x00000000f7a00000, 0x0000000100000000)
  eden space 162304K, 0% used [0x00000000eaf00000,0x00000000eaf00000,0x00000000f4d80000)
  from space 19456K, 59% used [0x00000000f4d80000,0x00000000f58e3150,0x00000000f6080000)
  to   space 19456K, 0% used [0x00000000f6700000,0x00000000f6700000,0x00000000f7a00000)
 ParOldGen       total 108032K, used 50940K [0x00000000c0c00000, 0x00000000c7580000, 0x00000000eaf00000)
  object space 108032K, 47% used [0x00000000c0c00000,0x00000000c3dbf0b0,0x00000000c7580000)
 Metaspace       used 23392K, capacity 25178K, committed 25344K, reserved 1071104K
  class space    used 3223K, capacity 3570K, committed 3584K, reserved 1048576K
}

